1621875100123	mozrunner::runner	INFO	Running command: "/usr/bin/firefox" "-marionette" "-foreground" "-no-remote" "-profile" "/tmp/rust_mozprofilefExMW8"
Unable to init server: Broadway display type not supported: unixneeds-to-be-defined
Error: cannot open display: unixneeds-to-be-defined
1621875231861	mozrunner::runner	INFO	Running command: "/usr/bin/firefox" "-marionette" "-foreground" "-no-remote" "-profile" "/tmp/rust_mozprofileGlWfXj"
Unable to init server: Broadway display type not supported: unixneeds-to-be-defined
Error: cannot open display: unixneeds-to-be-defined
1621875240460	mozrunner::runner	INFO	Running command: "/usr/bin/firefox" "-marionette" "-foreground" "-no-remote" "-profile" "/tmp/rust_mozprofileFM0Wxp"
Unable to init server: Broadway display type not supported: unixneeds-to-be-defined
Error: cannot open display: unixneeds-to-be-defined
1621875284655	mozrunner::runner	INFO	Running command: "/usr/bin/firefox" "-marionette" "-foreground" "-no-remote" "-profile" "/tmp/rust_mozprofilePr2yBZ"
Unable to init server: Broadway display type not supported: unixneeds-to-be-defined
Error: cannot open display: unixneeds-to-be-defined
1621875295383	mozrunner::runner	INFO	Running command: "/usr/bin/firefox" "-marionette" "-foreground" "-no-remote" "-profile" "/tmp/rust_mozprofilepVnl5q"
Unable to init server: Broadway display type not supported: unixneeds-to-be-defined
Error: cannot open display: unixneeds-to-be-defined
1621875345065	mozrunner::runner	INFO	Running command: "/usr/bin/firefox" "-marionette" "-foreground" "-no-remote" "-profile" "/tmp/rust_mozprofilehJhJvd"
Unable to init server: Broadway display type not supported: unixneeds-to-be-defined
Error: cannot open display: unixneeds-to-be-defined
1621876083089	mozrunner::runner	INFO	Running command: "/usr/bin/firefox" "-marionette" "-foreground" "-no-remote" "-profile" "/tmp/rust_mozprofileplMKwK"
Unable to init server: Broadway display type not supported: unixneeds-to-be-defined
Error: cannot open display: unixneeds-to-be-defined
1621876269225	mozrunner::runner	INFO	Running command: "/usr/bin/firefox" "-marionette" "-foreground" "-no-remote" "-profile" "/tmp/rust_mozprofileRobLlY"
Unable to init server: Broadway display type not supported: unixneeds-to-be-defined
Error: cannot open display: unixneeds-to-be-defined
1621876313689	mozrunner::runner	INFO	Running command: "/usr/bin/firefox" "-marionette" "-foreground" "-no-remote" "-profile" "/tmp/rust_mozprofileve35e5"
Unable to init server: Broadway display type not supported: unixneeds-to-be-defined
Error: cannot open display: unixneeds-to-be-defined
1621876317399	mozrunner::runner	INFO	Running command: "/usr/bin/firefox" "-marionette" "-foreground" "-no-remote" "-profile" "/tmp/rust_mozprofilepXqI2d"
Unable to init server: Broadway display type not supported: unixneeds-to-be-defined
Error: cannot open display: unixneeds-to-be-defined
1621876647957	mozrunner::runner	INFO	Running command: "/usr/bin/firefox" "-marionette" "-foreground" "-no-remote" "-profile" "/tmp/rust_mozprofilehsJtzj"
Unable to init server: Broadway display type not supported: unixneeds-to-be-defined
Error: cannot open display: unixneeds-to-be-defined
1621878316651	mozrunner::runner	INFO	Running command: "/usr/bin/firefox" "-marionette" "-foreground" "-no-remote" "-profile" "/tmp/rust_mozprofile2BiPsg"
Unable to init server: Broadway display type not supported: unixneeds-to-be-defined
Error: cannot open display: unixneeds-to-be-defined
1621878608212	mozrunner::runner	INFO	Running command: "/usr/bin/firefox" "-marionette" "-foreground" "-no-remote" "-profile" "/tmp/rust_mozprofile798JwR"
Unable to init server: Broadway display type not supported: unixneeds-to-be-defined
Error: cannot open display: unixneeds-to-be-defined
1621878644649	mozrunner::runner	INFO	Running command: "/usr/bin/firefox" "-marionette" "-foreground" "-no-remote" "-profile" "/tmp/rust_mozprofileEsFRWj"
Unable to init server: Broadway display type not supported: unixneeds-to-be-defined
Error: cannot open display: unixneeds-to-be-defined
1621878719792	mozrunner::runner	INFO	Running command: "/usr/bin/firefox" "-marionette" "-headless" "-foreground" "-no-remote" "-profile" "/tmp/rust_mozprofilefzPmlh"
*** You are running in headless mode.
[GFX1-]: glxtest: libpci missing
[GFX1-]: glxtest: libEGL initialize failed
[GFX1-]: glxtest: Unable to open a connection to the X server
[GFX1-]: glxtest: libEGL initialize failed
[GFX1-]: No GPUs detected via PCI

(/usr/lib/firefox/firefox:403): GLib-GObject-CRITICAL **: 17:52:00.590: g_object_set: assertion 'G_IS_OBJECT (object)' failed

(/usr/lib/firefox/firefox:428): GLib-GObject-CRITICAL **: 17:52:00.676: g_object_set: assertion 'G_IS_OBJECT (object)' failed
console.warn: SearchSettings: "get: No settings file exists, new profile?" (new Error("", "(unknown module)"))
1621878721881	Marionette	INFO	Listening on port 38541

(/usr/lib/firefox/firefox:498): GLib-GObject-CRITICAL **: 17:52:01.930: g_object_set: assertion 'G_IS_OBJECT (object)' failed
1621878721945	Marionette	WARN	TLS certificate errors will be ignored for this session
1621878737947	mozrunner::runner	INFO	Running command: "/usr/bin/firefox" "-marionette" "-headless" "-foreground" "-no-remote" "-profile" "/tmp/rust_mozprofileBuvQML"
*** You are running in headless mode.
[GFX1-]: glxtest: libpci missing
[GFX1-]: glxtest: libEGL initialize failed
[GFX1-]: glxtest: Unable to open a connection to the X server
[GFX1-]: glxtest: libEGL initialize failed
[GFX1-]: No GPUs detected via PCI

(/usr/lib/firefox/firefox:589): GLib-GObject-CRITICAL **: 17:52:18.993: g_object_set: assertion 'G_IS_OBJECT (object)' failed

(/usr/lib/firefox/firefox:614): GLib-GObject-CRITICAL **: 17:52:19.078: g_object_set: assertion 'G_IS_OBJECT (object)' failed
console.warn: SearchSettings: "get: No settings file exists, new profile?" (new Error("", "(unknown module)"))
1621878740320	Marionette	INFO	Listening on port 37967

(/usr/lib/firefox/firefox:682): GLib-GObject-CRITICAL **: 17:52:20.337: g_object_set: assertion 'G_IS_OBJECT (object)' failed
1621878740378	Marionette	WARN	TLS certificate errors will be ignored for this session
1621878838350	mozrunner::runner	INFO	Running command: "/usr/bin/firefox" "-marionette" "-headless" "-foreground" "-no-remote" "-profile" "/tmp/rust_mozprofilemwzHUh"
*** You are running in headless mode.
[GFX1-]: glxtest: libpci missing
[GFX1-]: glxtest: libEGL initialize failed
[GFX1-]: glxtest: Unable to open a connection to the X server
[GFX1-]: glxtest: libEGL initialize failed
[GFX1-]: No GPUs detected via PCI

(/usr/lib/firefox/firefox:812): GLib-GObject-CRITICAL **: 17:53:59.150: g_object_set: assertion 'G_IS_OBJECT (object)' failed

(/usr/lib/firefox/firefox:837): GLib-GObject-CRITICAL **: 17:53:59.251: g_object_set: assertion 'G_IS_OBJECT (object)' failed
console.warn: SearchSettings: "get: No settings file exists, new profile?" (new Error("", "(unknown module)"))

(/usr/lib/firefox/firefox:905): GLib-GObject-CRITICAL **: 17:54:00.636: g_object_set: assertion 'G_IS_OBJECT (object)' failed
1621878840662	Marionette	INFO	Listening on port 40119
1621878840776	Marionette	WARN	TLS certificate errors will be ignored for this session
1621878864445	mozrunner::runner	INFO	Running command: "/usr/bin/firefox" "-marionette" "-headless" "-foreground" "-no-remote" "-profile" "/tmp/rust_mozprofilepopCru"
*** You are running in headless mode.
[GFX1-]: glxtest: libpci missing
[GFX1-]: glxtest: libEGL initialize failed
[GFX1-]: glxtest: Unable to open a connection to the X server
[GFX1-]: glxtest: libEGL initialize failed
[GFX1-]: No GPUs detected via PCI

(/usr/lib/firefox/firefox:1025): GLib-GObject-CRITICAL **: 17:54:25.329: g_object_set: assertion 'G_IS_OBJECT (object)' failed

(/usr/lib/firefox/firefox:1050): GLib-GObject-CRITICAL **: 17:54:25.421: g_object_set: assertion 'G_IS_OBJECT (object)' failed
console.warn: SearchSettings: "get: No settings file exists, new profile?" (new Error("", "(unknown module)"))

(/usr/lib/firefox/firefox:1125): GLib-GObject-CRITICAL **: 17:54:28.309: g_object_set: assertion 'G_IS_OBJECT (object)' failed
1621878868345	Marionette	INFO	Listening on port 34371
1621878868406	Marionette	WARN	TLS certificate errors will be ignored for this session
1621878974221	mozrunner::runner	INFO	Running command: "/usr/bin/firefox" "-marionette" "-headless" "-foreground" "-no-remote" "-profile" "/tmp/rust_mozprofileBpFzTU"
*** You are running in headless mode.
[GFX1-]: glxtest: libpci missing
[GFX1-]: glxtest: libEGL initialize failed
[GFX1-]: glxtest: Unable to open a connection to the X server
[GFX1-]: glxtest: libEGL initialize failed
[GFX1-]: No GPUs detected via PCI

(/usr/lib/firefox/firefox:1270): GLib-GObject-CRITICAL **: 17:56:15.312: g_object_set: assertion 'G_IS_OBJECT (object)' failed

(/usr/lib/firefox/firefox:1295): GLib-GObject-CRITICAL **: 17:56:16.000: g_object_set: assertion 'G_IS_OBJECT (object)' failed
console.warn: SearchSettings: "get: No settings file exists, new profile?" (new Error("", "(unknown module)"))
1621878983779	Marionette	INFO	Listening on port 35229
1621878983865	Marionette	WARN	TLS certificate errors will be ignored for this session

(/usr/lib/firefox/firefox:1360): GLib-GObject-CRITICAL **: 17:56:25.731: g_object_set: assertion 'G_IS_OBJECT (object)' failed
1621879028790	mozrunner::runner	INFO	Running command: "/usr/bin/firefox" "-marionette" "-headless" "-foreground" "-no-remote" "-profile" "/tmp/rust_mozprofileBdg2Ej"
*** You are running in headless mode.
[GFX1-]: glxtest: libpci missing
[GFX1-]: glxtest: libEGL initialize failed
[GFX1-]: glxtest: Unable to open a connection to the X server
[GFX1-]: glxtest: libEGL initialize failed
[GFX1-]: No GPUs detected via PCI

(/usr/lib/firefox/firefox:1506): GLib-GObject-CRITICAL **: 17:57:10.183: g_object_set: assertion 'G_IS_OBJECT (object)' failed

(/usr/lib/firefox/firefox:1531): GLib-GObject-CRITICAL **: 17:57:10.281: g_object_set: assertion 'G_IS_OBJECT (object)' failed
console.warn: SearchSettings: "get: No settings file exists, new profile?" (new Error("", "(unknown module)"))
1621879031877	Marionette	INFO	Listening on port 35805

(/usr/lib/firefox/firefox:1605): GLib-GObject-CRITICAL **: 17:57:11.908: g_object_set: assertion 'G_IS_OBJECT (object)' failed
1621879031925	Marionette	WARN	TLS certificate errors will be ignored for this session
console.log: WebExtensions: reset-default-search: No addons in our list are installed.
console.log: WebExtensions: reset-default-search: No addons in our list are installed.
console.log: WebExtensions: reset-default-search: No addons in our list are installed.
console.log: WebExtensions: reset-default-search: No addons in our list are installed.
1621879393531	addons.xpi	ERROR	System addon update list error Error: Failed downloading XML, status: 0, reason: timeout
console.log: WebExtensions: reset-default-search: No addons in our list are installed.
1621879546238	mozrunner::runner	INFO	Running command: "/usr/bin/firefox" "-marionette" "-headless" "-foreground" "-no-remote" "-profile" "/tmp/rust_mozprofilevzZFQj"
*** You are running in headless mode.
[GFX1-]: glxtest: libpci missing
[GFX1-]: glxtest: libEGL initialize failed
[GFX1-]: glxtest: Unable to open a connection to the X server
[GFX1-]: glxtest: libEGL initialize failed
[GFX1-]: No GPUs detected via PCI

(/usr/lib/firefox/firefox:1843): GLib-GObject-CRITICAL **: 18:05:49.248: g_object_set: assertion 'G_IS_OBJECT (object)' failed

(/usr/lib/firefox/firefox:1868): GLib-GObject-CRITICAL **: 18:05:50.167: g_object_set: assertion 'G_IS_OBJECT (object)' failed
console.warn: SearchSettings: "get: No settings file exists, new profile?" (new Error("", "(unknown module)"))
console.error: Region.jsm: "Error fetching region" (new Error("TIMEOUT", "resource://gre/modules/Region.jsm", 772))
console.error: Region.jsm: "Failed to fetch region" (new Error("TIMEOUT", "resource://gre/modules/Region.jsm", 419))

(/usr/lib/firefox/firefox:1936): GLib-GObject-CRITICAL **: 18:06:01.381: g_object_set: assertion 'G_IS_OBJECT (object)' failed
1621879562405	Marionette	INFO	Listening on port 43303
1621879562495	Marionette	WARN	TLS certificate errors will be ignored for this session
1621879616482	mozrunner::runner	INFO	Running command: "/usr/bin/firefox" "-marionette" "-headless" "-foreground" "-no-remote" "-profile" "/tmp/rust_mozprofileXSTNNO"
*** You are running in headless mode.
[GFX1-]: glxtest: libpci missing
[GFX1-]: glxtest: libEGL initialize failed
[GFX1-]: glxtest: Unable to open a connection to the X server
[GFX1-]: glxtest: libEGL initialize failed
[GFX1-]: No GPUs detected via PCI

(/usr/lib/firefox/firefox:2062): GLib-GObject-CRITICAL **: 18:07:01.639: g_object_set: assertion 'G_IS_OBJECT (object)' failed

(/usr/lib/firefox/firefox:2087): GLib-GObject-CRITICAL **: 18:07:01.741: g_object_set: assertion 'G_IS_OBJECT (object)' failed
console.warn: SearchSettings: "get: No settings file exists, new profile?" (new Error("", "(unknown module)"))
1621879625700	Marionette	INFO	Listening on port 39683

(/usr/lib/firefox/firefox:2160): GLib-GObject-CRITICAL **: 18:07:06.307: g_object_set: assertion 'G_IS_OBJECT (object)' failed
1621879626709	Marionette	WARN	TLS certificate errors will be ignored for this session
1621879797976	mozrunner::runner	INFO	Running command: "/usr/bin/firefox" "-marionette" "-headless" "-foreground" "-no-remote" "-profile" "/tmp/rust_mozprofileX9pREO"
*** You are running in headless mode.
[GFX1-]: glxtest: libpci missing
[GFX1-]: glxtest: libEGL initialize failed
[GFX1-]: glxtest: Unable to open a connection to the X server
[GFX1-]: glxtest: libEGL initialize failed
[GFX1-]: No GPUs detected via PCI
console.warn: SearchSettings: "get: No settings file exists, new profile?" (new Error("", "(unknown module)"))

(/usr/lib/firefox/firefox:2294): GLib-GObject-CRITICAL **: 18:10:01.215: g_object_set: assertion 'G_IS_OBJECT (object)' failed

(/usr/lib/firefox/firefox:2300): GLib-GObject-CRITICAL **: 18:10:01.223: g_object_set: assertion 'G_IS_OBJECT (object)' failed

(/usr/lib/firefox/firefox:2393): GLib-GObject-CRITICAL **: 18:10:05.231: g_object_set: assertion 'G_IS_OBJECT (object)' failed
1621879806299	Marionette	INFO	Listening on port 33439
1621879806455	Marionette	WARN	TLS certificate errors will be ignored for this session
console.log: WebExtensions: reset-default-search: No addons in our list are installed.
console.log: WebExtensions: reset-default-search: No addons in our list are installed.
console.log: WebExtensions: reset-default-search: No addons in our list are installed.
1621933878875	mozrunner::runner	INFO	Running command: "/usr/bin/firefox" "-marionette" "-headless" "-foreground" "-no-remote" "-profile" "/tmp/rust_mozprofileJHyIhL"
*** You are running in headless mode.
[GFX1-]: glxtest: libpci missing
[GFX1-]: glxtest: libEGL initialize failed
[GFX1-]: glxtest: Unable to open a connection to the X server
[GFX1-]: glxtest: libEGL initialize failed
[GFX1-]: No GPUs detected via PCI

(/usr/lib/firefox/firefox:137): GLib-GObject-CRITICAL **: 09:11:19.829: g_object_set: assertion 'G_IS_OBJECT (object)' failed

(/usr/lib/firefox/firefox:162): GLib-GObject-CRITICAL **: 09:11:19.915: g_object_set: assertion 'G_IS_OBJECT (object)' failed
console.warn: SearchSettings: "get: No settings file exists, new profile?" (new Error("", "(unknown module)"))

(/usr/lib/firefox/firefox:233): GLib-GObject-CRITICAL **: 09:11:21.167: g_object_set: assertion 'G_IS_OBJECT (object)' failed
1621933881171	Marionette	INFO	Listening on port 35253
1621933881291	Marionette	WARN	TLS certificate errors will be ignored for this session
console.log: WebExtensions: reset-default-search: No addons in our list are installed.
1621936137696	mozrunner::runner	INFO	Running command: "/usr/bin/firefox" "-marionette" "-headless" "-foreground" "-no-remote" "-profile" "/tmp/rust_mozprofileXZRgOP"
*** You are running in headless mode.
[GFX1-]: glxtest: libpci missing
[GFX1-]: glxtest: libEGL initialize failed
[GFX1-]: glxtest: Unable to open a connection to the X server
[GFX1-]: glxtest: libEGL initialize failed
[GFX1-]: No GPUs detected via PCI

(/usr/lib/firefox/firefox:384): GLib-GObject-CRITICAL **: 09:48:58.518: g_object_set: assertion 'G_IS_OBJECT (object)' failed

(/usr/lib/firefox/firefox:410): GLib-GObject-CRITICAL **: 09:48:58.610: g_object_set: assertion 'G_IS_OBJECT (object)' failed
console.warn: SearchSettings: "get: No settings file exists, new profile?" (new Error("", "(unknown module)"))

(/usr/lib/firefox/firefox:485): GLib-GObject-CRITICAL **: 09:49:00.948: g_object_set: assertion 'G_IS_OBJECT (object)' failed
1621936140977	Marionette	INFO	Listening on port 46375
1621936141085	Marionette	WARN	TLS certificate errors will be ignored for this session
1621936208679	mozrunner::runner	INFO	Running command: "/usr/bin/firefox" "-marionette" "-headless" "-foreground" "-no-remote" "-profile" "/tmp/rust_mozprofileA64Eej"
*** You are running in headless mode.
[GFX1-]: glxtest: libpci missing
[GFX1-]: glxtest: libEGL initialize failed
[GFX1-]: glxtest: Unable to open a connection to the X server
[GFX1-]: glxtest: libEGL initialize failed
[GFX1-]: No GPUs detected via PCI

(/usr/lib/firefox/firefox:607): GLib-GObject-CRITICAL **: 09:50:09.554: g_object_set: assertion 'G_IS_OBJECT (object)' failed

(/usr/lib/firefox/firefox:632): GLib-GObject-CRITICAL **: 09:50:09.652: g_object_set: assertion 'G_IS_OBJECT (object)' failed
console.warn: SearchSettings: "get: No settings file exists, new profile?" (new Error("", "(unknown module)"))

(/usr/lib/firefox/firefox:703): GLib-GObject-CRITICAL **: 09:50:11.029: g_object_set: assertion 'G_IS_OBJECT (object)' failed
1621936211042	Marionette	INFO	Listening on port 37247
1621936211106	Marionette	WARN	TLS certificate errors will be ignored for this session
1621936235617	mozrunner::runner	INFO	Running command: "/usr/bin/firefox" "-marionette" "-headless" "-foreground" "-no-remote" "-profile" "/tmp/rust_mozprofilehT6jkZ"
*** You are running in headless mode.
[GFX1-]: glxtest: libpci missing
[GFX1-]: glxtest: libEGL initialize failed
[GFX1-]: glxtest: Unable to open a connection to the X server
[GFX1-]: glxtest: libEGL initialize failed
[GFX1-]: No GPUs detected via PCI

(/usr/lib/firefox/firefox:819): GLib-GObject-CRITICAL **: 09:50:36.473: g_object_set: assertion 'G_IS_OBJECT (object)' failed

(/usr/lib/firefox/firefox:844): GLib-GObject-CRITICAL **: 09:50:37.214: g_object_set: assertion 'G_IS_OBJECT (object)' failed
console.warn: SearchSettings: "get: No settings file exists, new profile?" (new Error("", "(unknown module)"))

(/usr/lib/firefox/firefox:917): GLib-GObject-CRITICAL **: 09:50:39.946: g_object_set: assertion 'G_IS_OBJECT (object)' failed
1621936240005	Marionette	INFO	Listening on port 37777
1621936240045	Marionette	WARN	TLS certificate errors will be ignored for this session
1621936258700	mozrunner::runner	INFO	Running command: "/usr/bin/firefox" "-marionette" "-headless" "-foreground" "-no-remote" "-profile" "/tmp/rust_mozprofileIKyC5U"
*** You are running in headless mode.
[GFX1-]: glxtest: libpci missing
[GFX1-]: glxtest: libEGL initialize failed
[GFX1-]: glxtest: Unable to open a connection to the X server
[GFX1-]: glxtest: libEGL initialize failed
[GFX1-]: No GPUs detected via PCI

(/usr/lib/firefox/firefox:1026): GLib-GObject-CRITICAL **: 09:51:02.591: g_object_set: assertion 'G_IS_OBJECT (object)' failed

(/usr/lib/firefox/firefox:1042): GLib-GObject-CRITICAL **: 09:51:02.669: g_object_set: assertion 'G_IS_OBJECT (object)' failed
console.warn: SearchSettings: "get: No settings file exists, new profile?" (new Error("", "(unknown module)"))

(/usr/lib/firefox/firefox:1117): GLib-GObject-CRITICAL **: 09:51:04.662: g_object_set: assertion 'G_IS_OBJECT (object)' failed
1621936265662	Marionette	INFO	Listening on port 33687
1621936266377	Marionette	WARN	TLS certificate errors will be ignored for this session
console.log: WebExtensions: reset-default-search: No addons in our list are installed.
1621936560005	mozrunner::runner	INFO	Running command: "/usr/bin/firefox" "-marionette" "-headless" "-foreground" "-no-remote" "-profile" "/tmp/rust_mozprofileB1ltJj"
*** You are running in headless mode.
[GFX1-]: glxtest: libpci missing
[GFX1-]: glxtest: libEGL initialize failed
[GFX1-]: glxtest: Unable to open a connection to the X server
[GFX1-]: glxtest: libEGL initialize failed
[GFX1-]: No GPUs detected via PCI

(/usr/lib/firefox/firefox:1322): GLib-GObject-CRITICAL **: 09:56:01.221: g_object_set: assertion 'G_IS_OBJECT (object)' failed

(/usr/lib/firefox/firefox:1347): GLib-GObject-CRITICAL **: 09:56:01.315: g_object_set: assertion 'G_IS_OBJECT (object)' failed
console.warn: SearchSettings: "get: No settings file exists, new profile?" (new Error("", "(unknown module)"))

(/usr/lib/firefox/firefox:1421): GLib-GObject-CRITICAL **: 09:56:02.588: g_object_set: assertion 'G_IS_OBJECT (object)' failed
1621936562604	Marionette	INFO	Listening on port 37425
1621936562658	Marionette	WARN	TLS certificate errors will be ignored for this session
console.log: WebExtensions: reset-default-search: No addons in our list are installed.
1621936621315	mozrunner::runner	INFO	Running command: "/usr/bin/firefox" "-marionette" "-headless" "-foreground" "-no-remote" "-profile" "/tmp/rust_mozprofilejxauKY"
*** You are running in headless mode.
[GFX1-]: glxtest: libpci missing
[GFX1-]: glxtest: libEGL initialize failed
[GFX1-]: glxtest: Unable to open a connection to the X server
[GFX1-]: glxtest: libEGL initialize failed
[GFX1-]: No GPUs detected via PCI

(/usr/lib/firefox/firefox:1546): GLib-GObject-CRITICAL **: 09:57:03.846: g_object_set: assertion 'G_IS_OBJECT (object)' failed
console.log: WebExtensions: reset-default-search: No addons in our list are installed.

(/usr/lib/firefox/firefox:1571): GLib-GObject-CRITICAL **: 09:57:09.341: g_object_set: assertion 'G_IS_OBJECT (object)' failed
console.warn: SearchSettings: "get: No settings file exists, new profile?" (new Error("", "(unknown module)"))

(/usr/lib/firefox/firefox:1642): GLib-GObject-CRITICAL **: 09:57:17.896: g_object_set: assertion 'G_IS_OBJECT (object)' failed
1621936638085	Marionette	INFO	Listening on port 34265
1621936638144	Marionette	WARN	TLS certificate errors will be ignored for this session
console.log: WebExtensions: reset-default-search: No addons in our list are installed.
1621936771772	mozrunner::runner	INFO	Running command: "/usr/bin/firefox" "-marionette" "-headless" "-foreground" "-no-remote" "-profile" "/tmp/rust_mozprofile0aiUKl"
*** You are running in headless mode.
[GFX1-]: glxtest: libpci missing
[GFX1-]: glxtest: libEGL initialize failed
[GFX1-]: glxtest: Unable to open a connection to the X server
[GFX1-]: glxtest: libEGL initialize failed
[GFX1-]: No GPUs detected via PCI

(/usr/lib/firefox/firefox:1785): GLib-GObject-CRITICAL **: 09:59:36.326: g_object_set: assertion 'G_IS_OBJECT (object)' failed

(/usr/lib/firefox/firefox:1805): GLib-GObject-CRITICAL **: 09:59:39.107: g_object_set: assertion 'G_IS_OBJECT (object)' failed
console.warn: SearchSettings: "get: No settings file exists, new profile?" (new Error("", "(unknown module)"))

(/usr/lib/firefox/firefox:1867): GLib-GObject-CRITICAL **: 09:59:43.998: g_object_set: assertion 'G_IS_OBJECT (object)' failed
1621936804620	Marionette	INFO	Listening on port 40959
1621936804690	Marionette	WARN	TLS certificate errors will be ignored for this session
console.log: WebExtensions: reset-default-search: No addons in our list are installed.
console.log: WebExtensions: reset-default-search: No addons in our list are installed.
console.log: WebExtensions: reset-default-search: No addons in our list are installed.
1621937443455	mozrunner::runner	INFO	Running command: "/usr/bin/firefox" "-marionette" "-headless" "-foreground" "-no-remote" "-profile" "/tmp/rust_mozprofilekVf8XG"
*** You are running in headless mode.
[GFX1-]: glxtest: libpci missing
[GFX1-]: glxtest: libEGL initialize failed
[GFX1-]: glxtest: Unable to open a connection to the X server
[GFX1-]: glxtest: libEGL initialize failed
[GFX1-]: No GPUs detected via PCI

(/usr/lib/firefox/firefox:2107): GLib-GObject-CRITICAL **: 10:10:49.841: g_object_set: assertion 'G_IS_OBJECT (object)' failed

(/usr/lib/firefox/firefox:2102): GLib-GObject-CRITICAL **: 10:10:49.841: g_object_set: assertion 'G_IS_OBJECT (object)' failed
console.warn: SearchSettings: "get: No settings file exists, new profile?" (new Error("", "(unknown module)"))

(/usr/lib/firefox/firefox:2196): GLib-GObject-CRITICAL **: 10:10:54.439: g_object_set: assertion 'G_IS_OBJECT (object)' failed
1621937454744	Marionette	INFO	Listening on port 46001
1621937454931	Marionette	WARN	TLS certificate errors will be ignored for this session
console.log: WebExtensions: reset-default-search: No addons in our list are installed.
1621938461809	mozrunner::runner	INFO	Running command: "/usr/bin/firefox" "-marionette" "-headless" "-foreground" "-no-remote" "-profile" "/tmp/rust_mozprofileOkQdMt"
*** You are running in headless mode.
[GFX1-]: glxtest: libpci missing
[GFX1-]: glxtest: libEGL initialize failed
[GFX1-]: glxtest: Unable to open a connection to the X server
[GFX1-]: glxtest: libEGL initialize failed
[GFX1-]: No GPUs detected via PCI

(/usr/lib/firefox/firefox:2404): GLib-GObject-CRITICAL **: 10:27:49.638: g_object_set: assertion 'G_IS_OBJECT (object)' failed

(/usr/lib/firefox/firefox:2409): GLib-GObject-CRITICAL **: 10:27:49.638: g_object_set: assertion 'G_IS_OBJECT (object)' failed
console.warn: SearchSettings: "get: No settings file exists, new profile?" (new Error("", "(unknown module)"))
1621938478726	Marionette	INFO	Listening on port 40185
1621938478870	Marionette	WARN	TLS certificate errors will be ignored for this session

(/usr/lib/firefox/firefox:2499): GLib-GObject-CRITICAL **: 10:27:59.077: g_object_set: assertion 'G_IS_OBJECT (object)' failed
1621938811311	mozrunner::runner	INFO	Running command: "/usr/bin/firefox" "-marionette" "-headless" "-foreground" "-no-remote" "-profile" "/tmp/rust_mozprofileNElVmi"
*** You are running in headless mode.
[GFX1-]: glxtest: libpci missing
[GFX1-]: glxtest: libEGL initialize failed
[GFX1-]: glxtest: Unable to open a connection to the X server
[GFX1-]: glxtest: libEGL initialize failed
[GFX1-]: No GPUs detected via PCI

(/usr/lib/firefox/firefox:2652): GLib-GObject-CRITICAL **: 10:33:35.285: g_object_set: assertion 'G_IS_OBJECT (object)' failed

(/usr/lib/firefox/firefox:2668): GLib-GObject-CRITICAL **: 10:33:36.677: g_object_set: assertion 'G_IS_OBJECT (object)' failed
console.warn: SearchSettings: "get: No settings file exists, new profile?" (new Error("", "(unknown module)"))
1621938827540	Marionette	INFO	Listening on port 36163
1621938827605	Marionette	WARN	TLS certificate errors will be ignored for this session

(/usr/lib/firefox/firefox:2743): GLib-GObject-CRITICAL **: 10:33:48.861: g_object_set: assertion 'G_IS_OBJECT (object)' failed
1621938846984	mozrunner::runner	INFO	Running command: "/usr/bin/firefox" "-marionette" "-headless" "-foreground" "-no-remote" "-profile" "/tmp/rust_mozprofilex4cCPA"
*** You are running in headless mode.
[GFX1-]: glxtest: libpci missing
[GFX1-]: glxtest: libEGL initialize failed
[GFX1-]: glxtest: Unable to open a connection to the X server
[GFX1-]: glxtest: libEGL initialize failed
[GFX1-]: No GPUs detected via PCI

(/usr/lib/firefox/firefox:2864): GLib-GObject-CRITICAL **: 10:34:08.165: g_object_set: assertion 'G_IS_OBJECT (object)' failed

(/usr/lib/firefox/firefox:2884): GLib-GObject-CRITICAL **: 10:34:08.286: g_object_set: assertion 'G_IS_OBJECT (object)' failed
console.warn: SearchSettings: "get: No settings file exists, new profile?" (new Error("", "(unknown module)"))
1621938850218	Marionette	INFO	Listening on port 45641

(/usr/lib/firefox/firefox:2963): GLib-GObject-CRITICAL **: 10:34:10.223: g_object_set: assertion 'G_IS_OBJECT (object)' failed
1621938850323	Marionette	WARN	TLS certificate errors will be ignored for this session
console.log: WebExtensions: reset-default-search: No addons in our list are installed.
1621938976099	mozrunner::runner	INFO	Running command: "/usr/bin/firefox" "-marionette" "-headless" "-foreground" "-no-remote" "-profile" "/tmp/rust_mozprofileAQ1LLS"
*** You are running in headless mode.
[GFX1-]: glxtest: libpci missing
[GFX1-]: glxtest: libEGL initialize failed
[GFX1-]: glxtest: Unable to open a connection to the X server
[GFX1-]: glxtest: libEGL initialize failed
[GFX1-]: No GPUs detected via PCI

(/usr/lib/firefox/firefox:3121): GLib-GObject-CRITICAL **: 10:36:26.931: g_object_set: assertion 'G_IS_OBJECT (object)' failed

(/usr/lib/firefox/firefox:3116): GLib-GObject-CRITICAL **: 10:36:27.946: g_object_set: assertion 'G_IS_OBJECT (object)' failed
console.warn: SearchSettings: "get: No settings file exists, new profile?" (new Error("", "(unknown module)"))

(/usr/lib/firefox/firefox:3200): GLib-GObject-CRITICAL **: 10:36:35.436: g_object_set: assertion 'G_IS_OBJECT (object)' failed
1621939005751	Marionette	INFO	Listening on port 40473
1621939006157	Marionette	WARN	TLS certificate errors will be ignored for this session
console.log: WebExtensions: reset-default-search: No addons in our list are installed.
console.log: WebExtensions: reset-default-search: No addons in our list are installed.
console.log: WebExtensions: reset-default-search: No addons in our list are installed.
1621939426094	mozrunner::runner	INFO	Running command: "/usr/bin/firefox" "-marionette" "-headless" "-foreground" "-no-remote" "-profile" "/tmp/rust_mozprofileHwEPY2"
*** You are running in headless mode.
[GFX1-]: glxtest: libpci missing
[GFX1-]: glxtest: libEGL initialize failed
[GFX1-]: glxtest: Unable to open a connection to the X server
[GFX1-]: glxtest: libEGL initialize failed
[GFX1-]: No GPUs detected via PCI

(/usr/lib/firefox/firefox:3454): GLib-GObject-CRITICAL **: 10:43:59.400: g_object_set: assertion 'G_IS_OBJECT (object)' failed

(/usr/lib/firefox/firefox:3474): GLib-GObject-CRITICAL **: 10:44:01.114: g_object_set: assertion 'G_IS_OBJECT (object)' failed
console.warn: SearchSettings: "get: No settings file exists, new profile?" (new Error("", "(unknown module)"))
1621939449543	Marionette	INFO	Listening on port 42161
1621939449651	Marionette	WARN	TLS certificate errors will be ignored for this session

(/usr/lib/firefox/firefox:3549): GLib-GObject-CRITICAL **: 10:44:11.770: g_object_set: assertion 'G_IS_OBJECT (object)' failed
1621939474565	mozrunner::runner	INFO	Running command: "/usr/bin/firefox" "-marionette" "-headless" "-foreground" "-no-remote" "-profile" "/tmp/rust_mozprofileuP6a05"
*** You are running in headless mode.
[GFX1-]: glxtest: libpci missing
[GFX1-]: glxtest: libEGL initialize failed
[GFX1-]: glxtest: Unable to open a connection to the X server
[GFX1-]: glxtest: libEGL initialize failed
[GFX1-]: No GPUs detected via PCI

(/usr/lib/firefox/firefox:3674): GLib-GObject-CRITICAL **: 10:44:43.877: g_object_set: assertion 'G_IS_OBJECT (object)' failed

(/usr/lib/firefox/firefox:3679): GLib-GObject-CRITICAL **: 10:44:43.879: g_object_set: assertion 'G_IS_OBJECT (object)' failed
console.warn: SearchSettings: "get: No settings file exists, new profile?" (new Error("", "(unknown module)"))

(/usr/lib/firefox/firefox:3773): GLib-GObject-CRITICAL **: 10:44:47.810: g_object_set: assertion 'G_IS_OBJECT (object)' failed
1621939488061	Marionette	INFO	Listening on port 44719
1621939488225	Marionette	WARN	TLS certificate errors will be ignored for this session
1621939597244	mozrunner::runner	INFO	Running command: "/usr/bin/firefox" "-marionette" "-headless" "-foreground" "-no-remote" "-profile" "/tmp/rust_mozprofilegwVzZ2"
*** You are running in headless mode.
[GFX1-]: glxtest: libpci missing
[GFX1-]: glxtest: libEGL initialize failed
[GFX1-]: glxtest: Unable to open a connection to the X server
[GFX1-]: glxtest: libEGL initialize failed
[GFX1-]: No GPUs detected via PCI

(/usr/lib/firefox/firefox:3940): GLib-GObject-CRITICAL **: 10:46:55.331: g_object_set: assertion 'G_IS_OBJECT (object)' failed

(/usr/lib/firefox/firefox:3946): GLib-GObject-CRITICAL **: 10:46:55.616: g_object_set: assertion 'G_IS_OBJECT (object)' failed
console.warn: SearchSettings: "get: No settings file exists, new profile?" (new Error("", "(unknown module)"))

(/usr/lib/firefox/firefox:4039): GLib-GObject-CRITICAL **: 10:46:58.354: g_object_set: assertion 'G_IS_OBJECT (object)' failed
1621939618581	Marionette	INFO	Listening on port 37929
1621939618697	Marionette	WARN	TLS certificate errors will be ignored for this session
console.log: WebExtensions: reset-default-search: No addons in our list are installed.
console.log: WebExtensions: reset-default-search: No addons in our list are installed.
1621939965165	mozrunner::runner	INFO	Running command: "/usr/bin/firefox" "-marionette" "-headless" "-foreground" "-no-remote" "-profile" "/tmp/rust_mozprofilenDxuLT"
*** You are running in headless mode.
[GFX1-]: glxtest: libpci missing
[GFX1-]: glxtest: libEGL initialize failed
[GFX1-]: glxtest: Unable to open a connection to the X server
[GFX1-]: glxtest: libEGL initialize failed
[GFX1-]: No GPUs detected via PCI

(/usr/lib/firefox/firefox:4295): GLib-GObject-CRITICAL **: 10:52:51.636: g_object_set: assertion 'G_IS_OBJECT (object)' failed

(/usr/lib/firefox/firefox:4320): GLib-GObject-CRITICAL **: 10:52:51.830: g_object_set: assertion 'G_IS_OBJECT (object)' failed
console.warn: SearchSettings: "get: No settings file exists, new profile?" (new Error("", "(unknown module)"))

(/usr/lib/firefox/firefox:4380): GLib-GObject-CRITICAL **: 10:52:55.954: g_object_set: assertion 'G_IS_OBJECT (object)' failed
1621939982095	Marionette	INFO	Listening on port 44355
1621939982237	Marionette	WARN	TLS certificate errors will be ignored for this session
console.log: WebExtensions: reset-default-search: No addons in our list are installed.
1621940026521	mozrunner::runner	INFO	Running command: "/usr/bin/firefox" "-marionette" "-headless" "-foreground" "-no-remote" "-profile" "/tmp/rust_mozprofileOv4cpX"
*** You are running in headless mode.
[GFX1-]: glxtest: libpci missing
[GFX1-]: glxtest: libEGL initialize failed
[GFX1-]: glxtest: Unable to open a connection to the X server
[GFX1-]: glxtest: libEGL initialize failed
[GFX1-]: No GPUs detected via PCI

(/usr/lib/firefox/firefox:4538): GLib-GObject-CRITICAL **: 10:53:48.990: g_object_set: assertion 'G_IS_OBJECT (object)' failed

(/usr/lib/firefox/firefox:4564): GLib-GObject-CRITICAL **: 10:53:59.821: g_object_set: assertion 'G_IS_OBJECT (object)' failed
console.warn: SearchSettings: "get: No settings file exists, new profile?" (new Error("", "(unknown module)"))

(/usr/lib/firefox/firefox:4643): GLib-GObject-CRITICAL **: 10:54:11.358: g_object_set: assertion 'G_IS_OBJECT (object)' failed
1621940053829	Marionette	INFO	Listening on port 39919
1621940054377	Marionette	WARN	TLS certificate errors will be ignored for this session
1621940268358	mozrunner::runner	INFO	Running command: "/usr/bin/firefox" "-marionette" "-headless" "-foreground" "-no-remote" "-profile" "/tmp/rust_mozprofileN1IIP2"
*** You are running in headless mode.
[GFX1-]: glxtest: libpci missing
[GFX1-]: glxtest: libEGL initialize failed
[GFX1-]: glxtest: Unable to open a connection to the X server
[GFX1-]: glxtest: libEGL initialize failed
[GFX1-]: No GPUs detected via PCI

(/usr/lib/firefox/firefox:4861): GLib-GObject-CRITICAL **: 10:58:01.900: g_object_set: assertion 'G_IS_OBJECT (object)' failed

(/usr/lib/firefox/firefox:4866): GLib-GObject-CRITICAL **: 10:58:01.901: g_object_set: assertion 'G_IS_OBJECT (object)' failed
console.warn: SearchSettings: "get: No settings file exists, new profile?" (new Error("", "(unknown module)"))
console.error: Region.jsm: "Error fetching region" (new AbortError("The operation was aborted. ", (void 0), 770))
console.error: Region.jsm: "Failed to fetch region" (new Error("NO_RESULT", "resource://gre/modules/Region.jsm", 419))

(/usr/lib/firefox/firefox:4957): GLib-GObject-CRITICAL **: 10:58:13.489: g_object_set: assertion 'G_IS_OBJECT (object)' failed
1621940296025	Marionette	INFO	Listening on port 36475
1621940296206	Marionette	WARN	TLS certificate errors will be ignored for this session
console.log: WebExtensions: reset-default-search: No addons in our list are installed.
1621940396366	mozrunner::runner	INFO	Running command: "/usr/bin/firefox" "-marionette" "-headless" "-foreground" "-no-remote" "-profile" "/tmp/rust_mozprofilesUB0nl"
*** You are running in headless mode.
[GFX1-]: glxtest: libpci missing
[GFX1-]: glxtest: libEGL initialize failed
[GFX1-]: glxtest: Unable to open a connection to the X server
[GFX1-]: glxtest: libEGL initialize failed
[GFX1-]: No GPUs detected via PCI
console.log: WebExtensions: reset-default-search: No addons in our list are installed.

(/usr/lib/firefox/firefox:5146): GLib-GObject-CRITICAL **: 11:00:49.555: g_object_set: assertion 'G_IS_OBJECT (object)' failed

(/usr/lib/firefox/firefox:5174): GLib-GObject-CRITICAL **: 11:00:53.477: g_object_set: assertion 'G_IS_OBJECT (object)' failed
Exiting due to channel error.
Exiting due to channel error.
1621940602895	mozrunner::runner	INFO	Running command: "/usr/bin/firefox" "-marionette" "-headless" "-foreground" "-no-remote" "-profile" "/tmp/rust_mozprofilefltBtC"
*** You are running in headless mode.
[GFX1-]: glxtest: libpci missing
[GFX1-]: glxtest: libEGL initialize failed
[GFX1-]: glxtest: Unable to open a connection to the X server
[GFX1-]: glxtest: libEGL initialize failed
[GFX1-]: No GPUs detected via PCI
Sandbox: Unexpected EOF, op 0 flags 02000000 path /etc/localtime
Exiting due to channel error.
console.log: WebExtensions: reset-default-search: No addons in our list are installed.
1621940747665	mozrunner::runner	INFO	Running command: "/usr/bin/firefox" "-marionette" "-headless" "-foreground" "-no-remote" "-profile" "/tmp/rust_mozprofilewA46HU"
*** You are running in headless mode.
[GFX1-]: glxtest: libpci missing
[GFX1-]: glxtest: libEGL initialize failed
[GFX1-]: glxtest: Unable to open a connection to the X server
[GFX1-]: glxtest: libEGL initialize failed
[GFX1-]: No GPUs detected via PCI

(/usr/lib/firefox/firefox:5428): GLib-GObject-CRITICAL **: 11:06:14.280: g_object_set: assertion 'G_IS_OBJECT (object)' failed

(/usr/lib/firefox/firefox:5451): GLib-GObject-CRITICAL **: 11:06:17.827: g_object_set: assertion 'G_IS_OBJECT (object)' failed
console.warn: SearchSettings: "get: No settings file exists, new profile?" (new Error("", "(unknown module)"))
console.error: Region.jsm: "Error fetching region" (new AbortError("The operation was aborted. ", (void 0), 770))
console.error: Region.jsm: "Failed to fetch region" (new Error("NO_RESULT", "resource://gre/modules/Region.jsm", 419))
Exiting due to channel error.
Exiting due to channel error.
Exiting due to channel error.
1621941048686	mozrunner::runner	INFO	Running command: "/usr/bin/firefox" "-marionette" "-headless" "-foreground" "-no-remote" "-profile" "/tmp/rust_mozprofilesLc8IM"
*** You are running in headless mode.
[GFX1-]: glxtest: libpci missing
[GFX1-]: glxtest: libEGL initialize failed
[GFX1-]: glxtest: Unable to open a connection to the X server
[GFX1-]: glxtest: libEGL initialize failed
[GFX1-]: No GPUs detected via PCI

(/usr/lib/firefox/firefox:5653): GLib-GObject-CRITICAL **: 11:10:50.113: g_object_set: assertion 'G_IS_OBJECT (object)' failed

(/usr/lib/firefox/firefox:5677): GLib-GObject-CRITICAL **: 11:10:50.247: g_object_set: assertion 'G_IS_OBJECT (object)' failed
console.warn: SearchSettings: "get: No settings file exists, new profile?" (new Error("", "(unknown module)"))
1621941052055	Marionette	INFO	Listening on port 36329

(/usr/lib/firefox/firefox:5749): GLib-GObject-CRITICAL **: 11:10:52.112: g_object_set: assertion 'G_IS_OBJECT (object)' failed
1621941052137	Marionette	WARN	TLS certificate errors will be ignored for this session
1621941247869	mozrunner::runner	INFO	Running command: "/usr/bin/firefox" "-marionette" "-headless" "-foreground" "-no-remote" "-profile" "/tmp/rust_mozprofileJJn5ja"
*** You are running in headless mode.
[GFX1-]: glxtest: libpci missing
[GFX1-]: glxtest: libEGL initialize failed
[GFX1-]: glxtest: Unable to open a connection to the X server
[GFX1-]: glxtest: libEGL initialize failed
[GFX1-]: No GPUs detected via PCI

(/usr/lib/firefox/firefox:5879): GLib-GObject-CRITICAL **: 11:14:08.801: g_object_set: assertion 'G_IS_OBJECT (object)' failed

(/usr/lib/firefox/firefox:5904): GLib-GObject-CRITICAL **: 11:14:08.907: g_object_set: assertion 'G_IS_OBJECT (object)' failed
console.warn: SearchSettings: "get: No settings file exists, new profile?" (new Error("", "(unknown module)"))

(/usr/lib/firefox/firefox:5977): GLib-GObject-CRITICAL **: 11:14:10.373: g_object_set: assertion 'G_IS_OBJECT (object)' failed
1621941250449	Marionette	INFO	Listening on port 46751
1621941250507	Marionette	WARN	TLS certificate errors will be ignored for this session
console.log: WebExtensions: reset-default-search: No addons in our list are installed.
1621941452881	mozrunner::runner	INFO	Running command: "/usr/bin/firefox" "-marionette" "-headless" "-foreground" "-no-remote" "-profile" "/tmp/rust_mozprofilewWGSpe"
*** You are running in headless mode.
[GFX1-]: glxtest: libpci missing
[GFX1-]: glxtest: libEGL initialize failed
[GFX1-]: glxtest: Unable to open a connection to the X server
[GFX1-]: glxtest: libEGL initialize failed
[GFX1-]: No GPUs detected via PCI

(/usr/lib/firefox/firefox:6123): GLib-GObject-CRITICAL **: 11:17:33.779: g_object_set: assertion 'G_IS_OBJECT (object)' failed

(/usr/lib/firefox/firefox:6148): GLib-GObject-CRITICAL **: 11:17:33.883: g_object_set: assertion 'G_IS_OBJECT (object)' failed
console.warn: SearchSettings: "get: No settings file exists, new profile?" (new Error("", "(unknown module)"))
1621941455211	Marionette	INFO	Listening on port 46651

(/usr/lib/firefox/firefox:6219): GLib-GObject-CRITICAL **: 11:17:35.247: g_object_set: assertion 'G_IS_OBJECT (object)' failed
1621941455318	Marionette	WARN	TLS certificate errors will be ignored for this session
1621941480917	mozrunner::runner	INFO	Running command: "/usr/bin/firefox" "-marionette" "-headless" "-foreground" "-no-remote" "-profile" "/tmp/rust_mozprofilevOiqhh"
*** You are running in headless mode.
[GFX1-]: glxtest: libpci missing
[GFX1-]: glxtest: libEGL initialize failed
[GFX1-]: glxtest: Unable to open a connection to the X server
[GFX1-]: glxtest: libEGL initialize failed
[GFX1-]: No GPUs detected via PCI

(/usr/lib/firefox/firefox:6331): GLib-GObject-CRITICAL **: 11:18:01.853: g_object_set: assertion 'G_IS_OBJECT (object)' failed

(/usr/lib/firefox/firefox:6356): GLib-GObject-CRITICAL **: 11:18:01.964: g_object_set: assertion 'G_IS_OBJECT (object)' failed
console.warn: SearchSettings: "get: No settings file exists, new profile?" (new Error("", "(unknown module)"))
1621941483297	Marionette	INFO	Listening on port 43905

(/usr/lib/firefox/firefox:6426): GLib-GObject-CRITICAL **: 11:18:03.324: g_object_set: assertion 'G_IS_OBJECT (object)' failed
1621941483349	Marionette	WARN	TLS certificate errors will be ignored for this session
1621941501780	mozrunner::runner	INFO	Running command: "/usr/bin/firefox" "-marionette" "-headless" "-foreground" "-no-remote" "-profile" "/tmp/rust_mozprofilephalgE"
*** You are running in headless mode.
[GFX1-]: glxtest: libpci missing
[GFX1-]: glxtest: libEGL initialize failed
[GFX1-]: glxtest: Unable to open a connection to the X server
[GFX1-]: glxtest: libEGL initialize failed
[GFX1-]: No GPUs detected via PCI

(/usr/lib/firefox/firefox:6539): GLib-GObject-CRITICAL **: 11:18:22.723: g_object_set: assertion 'G_IS_OBJECT (object)' failed

(/usr/lib/firefox/firefox:6564): GLib-GObject-CRITICAL **: 11:18:22.833: g_object_set: assertion 'G_IS_OBJECT (object)' failed
console.warn: SearchSettings: "get: No settings file exists, new profile?" (new Error("", "(unknown module)"))
1621941504201	Marionette	INFO	Listening on port 45639

(/usr/lib/firefox/firefox:6637): GLib-GObject-CRITICAL **: 11:18:24.241: g_object_set: assertion 'G_IS_OBJECT (object)' failed
1621941504312	Marionette	WARN	TLS certificate errors will be ignored for this session
1621941528411	mozrunner::runner	INFO	Running command: "/usr/bin/firefox" "-marionette" "-headless" "-foreground" "-no-remote" "-profile" "/tmp/rust_mozprofilerwzz4y"
*** You are running in headless mode.
[GFX1-]: glxtest: libpci missing
[GFX1-]: glxtest: libEGL initialize failed
[GFX1-]: glxtest: Unable to open a connection to the X server
[GFX1-]: glxtest: libEGL initialize failed
[GFX1-]: No GPUs detected via PCI

(/usr/lib/firefox/firefox:6762): GLib-GObject-CRITICAL **: 11:18:49.364: g_object_set: assertion 'G_IS_OBJECT (object)' failed

(/usr/lib/firefox/firefox:6787): GLib-GObject-CRITICAL **: 11:18:49.472: g_object_set: assertion 'G_IS_OBJECT (object)' failed
console.warn: SearchSettings: "get: No settings file exists, new profile?" (new Error("", "(unknown module)"))
1621941530861	Marionette	INFO	Listening on port 46691

(/usr/lib/firefox/firefox:6856): GLib-GObject-CRITICAL **: 11:18:50.878: g_object_set: assertion 'G_IS_OBJECT (object)' failed
1621941530948	Marionette	WARN	TLS certificate errors will be ignored for this session
1621941556178	mozrunner::runner	INFO	Running command: "/usr/bin/firefox" "-marionette" "-headless" "-foreground" "-no-remote" "-profile" "/tmp/rust_mozprofileF9r3Ni"
*** You are running in headless mode.
[GFX1-]: glxtest: libpci missing
[GFX1-]: glxtest: libEGL initialize failed
[GFX1-]: glxtest: Unable to open a connection to the X server
[GFX1-]: glxtest: libEGL initialize failed
[GFX1-]: No GPUs detected via PCI

(/usr/lib/firefox/firefox:6978): GLib-GObject-CRITICAL **: 11:19:17.197: g_object_set: assertion 'G_IS_OBJECT (object)' failed

(/usr/lib/firefox/firefox:7003): GLib-GObject-CRITICAL **: 11:19:17.311: g_object_set: assertion 'G_IS_OBJECT (object)' failed
console.warn: SearchSettings: "get: No settings file exists, new profile?" (new Error("", "(unknown module)"))
1621941558799	Marionette	INFO	Listening on port 44619

(/usr/lib/firefox/firefox:7076): GLib-GObject-CRITICAL **: 11:19:18.850: g_object_set: assertion 'G_IS_OBJECT (object)' failed
1621941558914	Marionette	WARN	TLS certificate errors will be ignored for this session
console.log: WebExtensions: reset-default-search: No addons in our list are installed.
1621941742490	mozrunner::runner	INFO	Running command: "/usr/bin/firefox" "-marionette" "-headless" "-foreground" "-no-remote" "-profile" "/tmp/rust_mozprofileBfo0WA"
*** You are running in headless mode.
[GFX1-]: glxtest: libpci missing
[GFX1-]: glxtest: libEGL initialize failed
[GFX1-]: glxtest: Unable to open a connection to the X server
[GFX1-]: glxtest: libEGL initialize failed
[GFX1-]: No GPUs detected via PCI

(/usr/lib/firefox/firefox:7256): GLib-GObject-CRITICAL **: 11:22:23.477: g_object_set: assertion 'G_IS_OBJECT (object)' failed

(/usr/lib/firefox/firefox:7281): GLib-GObject-CRITICAL **: 11:22:23.587: g_object_set: assertion 'G_IS_OBJECT (object)' failed
console.warn: SearchSettings: "get: No settings file exists, new profile?" (new Error("", "(unknown module)"))
1621941748085	Marionette	INFO	Listening on port 35721

(/usr/lib/firefox/firefox:7351): GLib-GObject-CRITICAL **: 11:22:28.208: g_object_set: assertion 'G_IS_OBJECT (object)' failed
1621941748232	Marionette	WARN	TLS certificate errors will be ignored for this session

(/usr/lib/firefox/firefox:7350): GLib-GObject-CRITICAL **: 11:22:28.263: g_object_set: assertion 'G_IS_OBJECT (object)' failed
1621941786378	mozrunner::runner	INFO	Running command: "/usr/bin/firefox" "-marionette" "-headless" "-foreground" "-no-remote" "-profile" "/tmp/rust_mozprofileOSNvbR"
*** You are running in headless mode.
[GFX1-]: glxtest: libpci missing
[GFX1-]: glxtest: libEGL initialize failed
[GFX1-]: glxtest: Unable to open a connection to the X server
[GFX1-]: glxtest: libEGL initialize failed
[GFX1-]: No GPUs detected via PCI

(/usr/lib/firefox/firefox:7510): GLib-GObject-CRITICAL **: 11:23:07.504: g_object_set: assertion 'G_IS_OBJECT (object)' failed

(/usr/lib/firefox/firefox:7535): GLib-GObject-CRITICAL **: 11:23:07.631: g_object_set: assertion 'G_IS_OBJECT (object)' failed
console.warn: SearchSettings: "get: No settings file exists, new profile?" (new Error("", "(unknown module)"))
1621941793001	Marionette	INFO	Listening on port 33605
1621941793130	Marionette	WARN	TLS certificate errors will be ignored for this session

(/usr/lib/firefox/firefox:7605): GLib-GObject-CRITICAL **: 11:23:13.924: g_object_set: assertion 'G_IS_OBJECT (object)' failed
1621941840798	mozrunner::runner	INFO	Running command: "/usr/bin/firefox" "-marionette" "-headless" "-foreground" "-no-remote" "-profile" "/tmp/rust_mozprofileGwnojw"
*** You are running in headless mode.
[GFX1-]: glxtest: libpci missing
[GFX1-]: glxtest: libEGL initialize failed
[GFX1-]: glxtest: Unable to open a connection to the X server
[GFX1-]: glxtest: libEGL initialize failed
[GFX1-]: No GPUs detected via PCI

(/usr/lib/firefox/firefox:7749): GLib-GObject-CRITICAL **: 11:24:03.252: g_object_set: assertion 'G_IS_OBJECT (object)' failed

(/usr/lib/firefox/firefox:7775): GLib-GObject-CRITICAL **: 11:24:03.378: g_object_set: assertion 'G_IS_OBJECT (object)' failed
console.log: WebExtensions: reset-default-search: No addons in our list are installed.
console.warn: SearchSettings: "get: No settings file exists, new profile?" (new Error("", "(unknown module)"))

(/usr/lib/firefox/firefox:7839): GLib-GObject-CRITICAL **: 11:24:08.278: g_object_set: assertion 'G_IS_OBJECT (object)' failed
1621941853445	Marionette	INFO	Listening on port 38495
1621941853533	Marionette	WARN	TLS certificate errors will be ignored for this session
console.log: WebExtensions: reset-default-search: No addons in our list are installed.
console.log: WebExtensions: reset-default-search: No addons in our list are installed.
console.log: WebExtensions: reset-default-search: No addons in our list are installed.
console.log: WebExtensions: reset-default-search: No addons in our list are installed.
1621942008452	mozrunner::runner	INFO	Running command: "/usr/bin/firefox" "-marionette" "-headless" "-foreground" "-no-remote" "-profile" "/tmp/rust_mozprofileuSSA40"
*** You are running in headless mode.
[GFX1-]: glxtest: libpci missing
[GFX1-]: glxtest: libEGL initialize failed
[GFX1-]: glxtest: Unable to open a connection to the X server
[GFX1-]: glxtest: libEGL initialize failed
[GFX1-]: No GPUs detected via PCI

(/usr/lib/firefox/firefox:8032): GLib-GObject-CRITICAL **: 11:26:58.576: g_object_set: assertion 'G_IS_OBJECT (object)' failed

(/usr/lib/firefox/firefox:8038): GLib-GObject-CRITICAL **: 11:27:02.134: g_object_set: assertion 'G_IS_OBJECT (object)' failed
console.warn: SearchSettings: "get: No settings file exists, new profile?" (new Error("", "(unknown module)"))
console.error: Region.jsm: "Error fetching region" (new Error("TIMEOUT", "resource://gre/modules/Region.jsm", 772))
console.error: Region.jsm: "Failed to fetch region" (new Error("TIMEOUT", "resource://gre/modules/Region.jsm", 419))

(/usr/lib/firefox/firefox:8126): GLib-GObject-CRITICAL **: 11:27:17.433: g_object_set: assertion 'G_IS_OBJECT (object)' failed
1621942044758	Marionette	INFO	Listening on port 43213
1621942046858	Marionette	WARN	TLS certificate errors will be ignored for this session
console.log: WebExtensions: reset-default-search: No addons in our list are installed.
1621942147097	mozrunner::runner	INFO	Running command: "/usr/bin/firefox" "-marionette" "-headless" "-foreground" "-no-remote" "-profile" "/tmp/rust_mozprofile2S2s86"
*** You are running in headless mode.
[GFX1-]: glxtest: libpci missing
[GFX1-]: glxtest: libEGL initialize failed
[GFX1-]: glxtest: Unable to open a connection to the X server
[GFX1-]: glxtest: libEGL initialize failed
[GFX1-]: No GPUs detected via PCI

(/usr/lib/firefox/firefox:8316): GLib-GObject-CRITICAL **: 11:29:16.269: g_object_set: assertion 'G_IS_OBJECT (object)' failed

(/usr/lib/firefox/firefox:8341): GLib-GObject-CRITICAL **: 11:29:17.582: g_object_set: assertion 'G_IS_OBJECT (object)' failed
console.warn: SearchSettings: "get: No settings file exists, new profile?" (new Error("", "(unknown module)"))

(/usr/lib/firefox/firefox:8412): GLib-GObject-CRITICAL **: 11:29:21.545: g_object_set: assertion 'G_IS_OBJECT (object)' failed
1621942161762	Marionette	INFO	Listening on port 36231
1621942161857	Marionette	WARN	TLS certificate errors will be ignored for this session
console.log: WebExtensions: reset-default-search: No addons in our list are installed.
console.log: WebExtensions: reset-default-search: No addons in our list are installed.
1621942245650	mozrunner::runner	INFO	Running command: "/usr/bin/firefox" "-marionette" "-headless" "-foreground" "-no-remote" "-profile" "/tmp/rust_mozprofilecDcWsw"
*** You are running in headless mode.
[GFX1-]: glxtest: libpci missing
[GFX1-]: glxtest: libEGL initialize failed
[GFX1-]: glxtest: Unable to open a connection to the X server
[GFX1-]: glxtest: libEGL initialize failed
[GFX1-]: No GPUs detected via PCI

(/usr/lib/firefox/firefox:8568): GLib-GObject-CRITICAL **: 11:31:04.300: g_object_set: assertion 'G_IS_OBJECT (object)' failed

(/usr/lib/firefox/firefox:8590): GLib-GObject-CRITICAL **: 11:31:06.595: g_object_set: assertion 'G_IS_OBJECT (object)' failed
console.warn: SearchSettings: "get: No settings file exists, new profile?" (new Error("", "(unknown module)"))

(/usr/lib/firefox/firefox:8650): GLib-GObject-CRITICAL **: 11:31:09.668: g_object_set: assertion 'G_IS_OBJECT (object)' failed
1621942275113	Marionette	INFO	Listening on port 40251
1621942275163	Marionette	WARN	TLS certificate errors will be ignored for this session
console.log: WebExtensions: reset-default-search: No addons in our list are installed.
1621942464356	mozrunner::runner	INFO	Running command: "/usr/bin/firefox" "-marionette" "-headless" "-foreground" "-no-remote" "-profile" "/tmp/rust_mozprofilei0es7n"
*** You are running in headless mode.
[GFX1-]: glxtest: libpci missing
[GFX1-]: glxtest: libEGL initialize failed
[GFX1-]: glxtest: Unable to open a connection to the X server
[GFX1-]: glxtest: libEGL initialize failed
[GFX1-]: No GPUs detected via PCI

(/usr/lib/firefox/firefox:8907): GLib-GObject-CRITICAL **: 11:34:29.857: g_object_set: assertion 'G_IS_OBJECT (object)' failed
console.warn: SearchSettings: "get: No settings file exists, new profile?" (new Error("", "(unknown module)"))

(/usr/lib/firefox/firefox:8945): GLib-GObject-CRITICAL **: 11:34:32.635: g_object_set: assertion 'G_IS_OBJECT (object)' failed

(/usr/lib/firefox/firefox:9010): GLib-GObject-CRITICAL **: 11:34:37.997: g_object_set: assertion 'G_IS_OBJECT (object)' failed
1621942478109	Marionette	INFO	Listening on port 33643
1621942478204	Marionette	WARN	TLS certificate errors will be ignored for this session
console.log: WebExtensions: reset-default-search: No addons in our list are installed.
console.log: WebExtensions: reset-default-search: No addons in our list are installed.
1621942808870	mozrunner::runner	INFO	Running command: "/usr/bin/firefox" "-marionette" "-headless" "-foreground" "-no-remote" "-profile" "/tmp/rust_mozprofileXvPAuP"
*** You are running in headless mode.
[GFX1-]: glxtest: libpci missing
[GFX1-]: glxtest: libEGL initialize failed
[GFX1-]: glxtest: Unable to open a connection to the X server
[GFX1-]: glxtest: libEGL initialize failed
[GFX1-]: No GPUs detected via PCI

(/usr/lib/firefox/firefox:9243): GLib-GObject-CRITICAL **: 11:40:13.386: g_object_set: assertion 'G_IS_OBJECT (object)' failed

(/usr/lib/firefox/firefox:9223): GLib-GObject-CRITICAL **: 11:40:13.387: g_object_set: assertion 'G_IS_OBJECT (object)' failed
console.warn: SearchSettings: "get: No settings file exists, new profile?" (new Error("", "(unknown module)"))

(/usr/lib/firefox/firefox:9319): GLib-GObject-CRITICAL **: 11:40:18.374: g_object_set: assertion 'G_IS_OBJECT (object)' failed
1621942828233	Marionette	INFO	Listening on port 37355
1621942828380	Marionette	WARN	TLS certificate errors will be ignored for this session
console.log: WebExtensions: reset-default-search: No addons in our list are installed.
1621942899782	mozrunner::runner	INFO	Running command: "/usr/bin/firefox" "-marionette" "-headless" "-foreground" "-no-remote" "-profile" "/tmp/rust_mozprofilexDudF0"
*** You are running in headless mode.
[GFX1-]: glxtest: libpci missing
[GFX1-]: glxtest: libEGL initialize failed
[GFX1-]: glxtest: Unable to open a connection to the X server
[GFX1-]: glxtest: libEGL initialize failed
[GFX1-]: No GPUs detected via PCI

(/usr/lib/firefox/firefox:9465): GLib-GObject-CRITICAL **: 11:41:46.622: g_object_set: assertion 'G_IS_OBJECT (object)' failed

(/usr/lib/firefox/firefox:9460): GLib-GObject-CRITICAL **: 11:41:46.626: g_object_set: assertion 'G_IS_OBJECT (object)' failed
console.warn: SearchSettings: "get: No settings file exists, new profile?" (new Error("", "(unknown module)"))

(/usr/lib/firefox/firefox:9546): GLib-GObject-CRITICAL **: 11:41:51.167: g_object_set: assertion 'G_IS_OBJECT (object)' failed
1621942917211	Marionette	INFO	Listening on port 34461
1621942917294	Marionette	WARN	TLS certificate errors will be ignored for this session
1621942982760	mozrunner::runner	INFO	Running command: "/usr/bin/firefox" "-marionette" "-headless" "-foreground" "-no-remote" "-profile" "/tmp/rust_mozprofiletniy8d"
*** You are running in headless mode.
[GFX1-]: glxtest: libpci missing
[GFX1-]: glxtest: libEGL initialize failed
[GFX1-]: glxtest: Unable to open a connection to the X server
[GFX1-]: glxtest: libEGL initialize failed
[GFX1-]: No GPUs detected via PCI

(/usr/lib/firefox/firefox:9723): GLib-GObject-CRITICAL **: 11:43:20.521: g_object_set: assertion 'G_IS_OBJECT (object)' failed

(/usr/lib/firefox/firefox:9712): GLib-GObject-CRITICAL **: 11:43:20.526: g_object_set: assertion 'G_IS_OBJECT (object)' failed
console.warn: SearchSettings: "get: No settings file exists, new profile?" (new Error("", "(unknown module)"))

(/usr/lib/firefox/firefox:9809): GLib-GObject-CRITICAL **: 11:43:33.317: g_object_set: assertion 'G_IS_OBJECT (object)' failed
console.error: Region.jsm: "Error fetching region" (new Error("TIMEOUT", "resource://gre/modules/Region.jsm", 772))
console.error: Region.jsm: "Failed to fetch region" (new Error("TIMEOUT", "resource://gre/modules/Region.jsm", 419))
1621943026548	Marionette	INFO	Listening on port 34571
1621943028311	Marionette	WARN	TLS certificate errors will be ignored for this session
1621943099823	mozrunner::runner	INFO	Running command: "/usr/bin/firefox" "-marionette" "-headless" "-foreground" "-no-remote" "-profile" "/tmp/rust_mozprofile6A7m35"
*** You are running in headless mode.
[GFX1-]: glxtest: libpci missing
[GFX1-]: glxtest: libEGL initialize failed
[GFX1-]: glxtest: Unable to open a connection to the X server
[GFX1-]: glxtest: libEGL initialize failed
[GFX1-]: No GPUs detected via PCI

(/usr/lib/firefox/firefox:10021): GLib-GObject-CRITICAL **: 11:45:22.730: g_object_set: assertion 'G_IS_OBJECT (object)' failed

(/usr/lib/firefox/firefox:10016): GLib-GObject-CRITICAL **: 11:45:22.730: g_object_set: assertion 'G_IS_OBJECT (object)' failed
console.warn: SearchSettings: "get: No settings file exists, new profile?" (new Error("", "(unknown module)"))
console.error: Region.jsm: "Error fetching region" (new AbortError("The operation was aborted. ", (void 0), 770))
console.error: Region.jsm: "Failed to fetch region" (new Error("NO_RESULT", "resource://gre/modules/Region.jsm", 419))

(/usr/lib/firefox/firefox:10109): GLib-GObject-CRITICAL **: 11:45:44.196: g_object_set: assertion 'G_IS_OBJECT (object)' failed
1621943144797	Marionette	INFO	Listening on port 35523
1621943145095	Marionette	WARN	TLS certificate errors will be ignored for this session
1621943229039	addons.xpi	ERROR	System addon update list error Error: Failed downloading XML, status: 0, reason: timeout
console.log: WebExtensions: reset-default-search: No addons in our list are installed.
console.log: WebExtensions: reset-default-search: No addons in our list are installed.
console.log: WebExtensions: reset-default-search: No addons in our list are installed.
1621943735756	mozrunner::runner	INFO	Running command: "/usr/bin/firefox" "-marionette" "-headless" "-foreground" "-no-remote" "-profile" "/tmp/rust_mozprofile3JnGvM"
*** You are running in headless mode.
[GFX1-]: glxtest: libpci missing
[GFX1-]: glxtest: libEGL initialize failed
[GFX1-]: glxtest: Unable to open a connection to the X server
[GFX1-]: glxtest: libEGL initialize failed
[GFX1-]: No GPUs detected via PCI

(/usr/lib/firefox/firefox:10415): GLib-GObject-CRITICAL **: 11:55:39.123: g_object_set: assertion 'G_IS_OBJECT (object)' failed

(/usr/lib/firefox/firefox:10440): GLib-GObject-CRITICAL **: 11:55:39.859: g_object_set: assertion 'G_IS_OBJECT (object)' failed
console.warn: SearchSettings: "get: No settings file exists, new profile?" (new Error("", "(unknown module)"))
console.error: Region.jsm: "Error fetching region" (new AbortError("The operation was aborted. ", (void 0), 770))
console.error: Region.jsm: "Failed to fetch region" (new Error("NO_RESULT", "resource://gre/modules/Region.jsm", 419))

(/usr/lib/firefox/firefox:10514): GLib-GObject-CRITICAL **: 11:55:51.737: g_object_set: assertion 'G_IS_OBJECT (object)' failed
1621943751829	Marionette	INFO	Listening on port 44571
1621943751945	Marionette	WARN	TLS certificate errors will be ignored for this session
1621943804202	mozrunner::runner	INFO	Running command: "/usr/bin/firefox" "-marionette" "-headless" "-foreground" "-no-remote" "-profile" "/tmp/rust_mozprofileOwHVuY"
*** You are running in headless mode.
[GFX1-]: glxtest: libpci missing
[GFX1-]: glxtest: libEGL initialize failed
[GFX1-]: glxtest: Unable to open a connection to the X server
[GFX1-]: glxtest: libEGL initialize failed
[GFX1-]: No GPUs detected via PCI

(/usr/lib/firefox/firefox:10654): GLib-GObject-CRITICAL **: 11:56:58.897: g_object_set: assertion 'G_IS_OBJECT (object)' failed

(/usr/lib/firefox/firefox:10659): GLib-GObject-CRITICAL **: 11:56:59.121: g_object_set: assertion 'G_IS_OBJECT (object)' failed
console.warn: SearchSettings: "get: No settings file exists, new profile?" (new Error("", "(unknown module)"))

(/usr/lib/firefox/firefox:10744): GLib-GObject-CRITICAL **: 11:57:01.775: g_object_set: assertion 'G_IS_OBJECT (object)' failed
1621943822237	Marionette	INFO	Listening on port 44149
1621943822350	Marionette	WARN	TLS certificate errors will be ignored for this session
1621943917964	mozrunner::runner	INFO	Running command: "/usr/bin/firefox" "-marionette" "-headless" "-foreground" "-no-remote" "-profile" "/tmp/rust_mozprofileEnK8cE"
*** You are running in headless mode.
[GFX1-]: glxtest: libpci missing
[GFX1-]: glxtest: libEGL initialize failed
[GFX1-]: glxtest: Unable to open a connection to the X server
[GFX1-]: glxtest: libEGL initialize failed
[GFX1-]: No GPUs detected via PCI

(/usr/lib/firefox/firefox:10952): GLib-GObject-CRITICAL **: 11:59:08.686: g_object_set: assertion 'G_IS_OBJECT (object)' failed

(/usr/lib/firefox/firefox:10957): GLib-GObject-CRITICAL **: 11:59:08.783: g_object_set: assertion 'G_IS_OBJECT (object)' failed
console.warn: SearchSettings: "get: No settings file exists, new profile?" (new Error("", "(unknown module)"))

(/usr/lib/firefox/firefox:11039): GLib-GObject-CRITICAL **: 11:59:13.463: g_object_set: assertion 'G_IS_OBJECT (object)' failed
1621943956726	Marionette	INFO	Listening on port 46871
1621943957668	Marionette	WARN	TLS certificate errors will be ignored for this session
1621944123203	mozrunner::runner	INFO	Running command: "/usr/bin/firefox" "-marionette" "-headless" "-foreground" "-no-remote" "-profile" "/tmp/rust_mozprofileKC35p0"
*** You are running in headless mode.
